Determining if the pthread_create exist failed with the following output:
Change Dir: /home/nvidia/catkin_ws/src/hls_lfcd_lds_driver/CMakeFiles/CMakeTmp

Run Build Command:"/usr/bin/make" "cmTC_45b28/fast"
/usr/bin/make -f CMakeFiles/cmTC_45b28.dir/build.make CMakeFiles/cmTC_45b28.dir/build
make[1]: Entering directory '/home/nvidia/catkin_ws/src/hls_lfcd_lds_driver/CMakeFiles/CMakeTmp'
Building C object CMakeFiles/cmTC_45b28.dir/CheckSymbolExists.c.o
/usr/bin/cc     -o CMakeFiles/cmTC_45b28.dir/CheckSymbolExists.c.o   -c /home/nvidia/catkin_ws/src/hls_lfcd_lds_driver/CMakeFiles/CMakeTmp/CheckSymbolExists.c
Linking C executable cmTC_45b28
/usr/bin/cmake -E cmake_link_script CMakeFiles/cmTC_45b28.dir/link.txt --verbose=1
/usr/bin/cc       CMakeFiles/cmTC_45b28.dir/CheckSymbolExists.c.o  -o cmTC_45b28 -rdynamic 
CMakeFiles/cmTC_45b28.dir/CheckSymbolExists.c.o: In function `main':
CheckSymbolExists.c:(.text+0x14): undefined reference to `pthread_create'
CheckSymbolExists.c:(.text+0x18): undefined reference to `pthread_create'
collect2: error: ld returned 1 exit status
CMakeFiles/cmTC_45b28.dir/build.make:97: recipe for target 'cmTC_45b28' failed
make[1]: *** [cmTC_45b28] Error 1
make[1]: Leaving directory '/home/nvidia/catkin_ws/src/hls_lfcd_lds_driver/CMakeFiles/CMakeTmp'
Makefile:126: recipe for target 'cmTC_45b28/fast' failed
make: *** [cmTC_45b28/fast] Error 2

File /home/nvidia/catkin_ws/src/hls_lfcd_lds_driver/CMakeFiles/CMakeTmp/CheckSymbolExists.c:
/* */
#include <pthread.h>

int main(int argc, char** argv)
{
  (void)argv;
#ifndef pthread_create
  return ((int*)(&pthread_create))[argc];
#else
  (void)argc;
  return 0;
#endif
}

Determining if the function pthread_create exists in the pthreads failed with the following output:
Change Dir: /home/nvidia/catkin_ws/src/hls_lfcd_lds_driver/CMakeFiles/CMakeTmp

Run Build Command:"/usr/bin/make" "cmTC_456eb/fast"
/usr/bin/make -f CMakeFiles/cmTC_456eb.dir/build.make CMakeFiles/cmTC_456eb.dir/build
make[1]: Entering directory '/home/nvidia/catkin_ws/src/hls_lfcd_lds_driver/CMakeFiles/CMakeTmp'
Building C object CMakeFiles/cmTC_456eb.dir/CheckFunctionExists.c.o
/usr/bin/cc    -DCHECK_FUNCTION_EXISTS=pthread_create   -o CMakeFiles/cmTC_456eb.dir/CheckFunctionExists.c.o   -c /usr/share/cmake-3.5/Modules/CheckFunctionExists.c
Linking C executable cmTC_456eb
/usr/bin/cmake -E cmake_link_script CMakeFiles/cmTC_456eb.dir/link.txt --verbose=1
/usr/bin/cc   -DCHECK_FUNCTION_EXISTS=pthread_create    CMakeFiles/cmTC_456eb.dir/CheckFunctionExists.c.o  -o cmTC_456eb -rdynamic -lpthreads 
/usr/bin/ld: cannot find -lpthreads
collect2: error: ld returned 1 exit status
CMakeFiles/cmTC_456eb.dir/build.make:97: recipe for target 'cmTC_456eb' failed
make[1]: *** [cmTC_456eb] Error 1
make[1]: Leaving directory '/home/nvidia/catkin_ws/src/hls_lfcd_lds_driver/CMakeFiles/CMakeTmp'
Makefile:126: recipe for target 'cmTC_456eb/fast' failed
make: *** [cmTC_456eb/fast] Error 2


